5.999508977244914427e-12 -3.319122521670327954e-05 1.780089867347763311e-01 8.918979227641945045e+02
-1.615073466650095522e-10 -3.167556562877824186e-05 1.730268128564261543e-01 9.529815950233236208e+02
8.216703038567943942e-11 -3.340934369690629448e-05 1.758529303393655541e-01 1.007542422495252481e+03
-9.438352252259520850e-10 -2.538380359180076543e-05 1.554856469971898636e-01 1.078647800850924114e+03
1.083226452123412722e-10 -3.351022199930847888e-05 1.740472199272442844e-01 1.119383447440446162e+03
-1.396438434416776866e-10 -3.164414405288048832e-05 1.688561368435471943e-01 1.177112577694820175e+03
8.551515692701934896e-11 -3.335735829599249070e-05 1.719958338713758195e-01 1.229235929250512299e+03
9.794838935392480162e-11 -3.341279882910187728e-05 1.711776286519535173e-01 1.281811184862020127e+03
9.565727279146092244e-11 -3.338650269865061179e-05 1.702751154979366965e-01 1.334672115835319801e+03
9.257498086736121030e-11 -3.335570150368443468e-05 1.693855629966940224e-01 1.386362976160906328e+03
9.262401744847717656e-11 -3.334436667865607791e-05 1.685326123698268064e-01 1.438043311159007771e+03
9.380755479685329592e-11 -3.333049433069792467e-05 1.676827901481908745e-01 1.488737317140126379e+03
9.189655220210021874e-11 -3.330987388289414418e-05 1.668514969450314023e-01 1.538291304207920120e+03
9.187641235449667218e-11 -3.330342041241084682e-05 1.660863129593247167e-01 1.586883129830598818e+03
8.720336186622843743e-11 -3.326116706180377495e-05 1.652509902114328577e-01 1.635549305233987525e+03
8.624259774827484334e-11 -3.324104504921119679e-05 1.644682153281004366e-01 1.683029802434249859e+03
8.498405201134249433e-11 -3.321871754849037853e-05 1.636912422537980250e-01 1.729568226084432354e+03
8.377051055994219173e-11 -3.319969788575534821e-05 1.629488650262021499e-01 1.776040975971286116e+03
8.533078037456342297e-11 -3.320153509320192823e-05 1.622604180773460081e-01 1.821416238790641955e+03
8.097422467227028716e-11 -3.316201995112024261e-05 1.615091797170709886e-01 1.866823046160634021e+03
7.638312765626033526e-11 -3.312519986330350472e-05 1.607866565430759176e-01 1.911211489939660396e+03
7.372256305704584347e-11 -3.309638719021689628e-05 1.600777683424998987e-01 1.954602386102269975e+03
6.901768211719161860e-11 -3.306152427707071881e-05 1.593999483902642511e-01 1.997875018926025859e+03
6.502449109837850301e-11 -3.302324361554735731e-05 1.586984040694067177e-01 2.040250194729180066e+03
6.392700550261451039e-11 -3.300711213635284033e-05 1.580606020113000942e-01 2.082527488086215271e+03
5.618117829859748796e-11 -3.294767456434999754e-05 1.573647439542973925e-01 2.123803663619038161e+03
5.091755983529514128e-11 -3.290558039764560473e-05 1.567115058701374353e-01 2.164049926759643768e+03
4.504110279393668574e-11 -3.285962121708876801e-05 1.560723862372230542e-01 2.204221049502205005e+03
3.798547393333010938e-11 -3.280639845054441342e-05 1.554305221715058527e-01 2.243372440554481273e+03
3.157090932166962993e-11 -3.276058750548490613e-05 1.548197392219428925e-01 2.282491206962721208e+03
2.954787099080495324e-11 -3.273714950651936264e-05 1.542567513672868929e-01 2.321547749208282312e+03
2.173643518031729980e-11 -3.268554946434302605e-05 1.536717927075986756e-01 2.359592488172788762e+03
2.051294925220055259e-11 -3.266854394384636519e-05 1.531418704541817055e-01 2.396631992884329520e+03
2.074409009624407654e-11 -3.266569606587704935e-05 1.526764427403770608e-01 2.433539676144095210e+03
2.220316388816513510e-11 -3.267585405901359604e-05 1.522450152406839285e-01 2.469458017353437754e+03
2.053755622404659177e-11 -3.265904616710240169e-05 1.517706443109841652e-01 2.505343261066291689e+03
2.005056138950803681e-11 -3.265608036164127171e-05 1.513485803164737187e-01 2.541177217773622942e+03
1.828373148007020369e-11 -3.264088847229678426e-05 1.509000725265494947e-01 2.576049713934097781e+03
1.964940404434638023e-11 -3.264665395515586112e-05 1.505144979511454928e-01 2.610833658800399007e+03
1.576827246259449087e-11 -3.262207300623278699e-05 1.500934227823150224e-01 2.644574911454389621e+03
1.683212531123950782e-11 -3.262677568773775163e-05 1.497234038762527142e-01 2.678322202056351216e+03
1.391691167793582603e-11 -3.260765408188643282e-05 1.493429788005657399e-01 2.712036942726887446e+03
1.498075503798529293e-11 -3.261545625453023546e-05 1.490186597995958317e-01 2.745713690029765075e+03
1.474149977757180107e-11 -3.261384351134678393e-05 1.486816596082100872e-01 2.778371550452220163e+03
1.200884571801531682e-11 -3.259566485645479136e-05 1.483513641814162287e-01 2.811008243718740232e+03
1.230338204798082910e-11 -3.259733428938604182e-05 1.480496986782580127e-01 2.843583312040839246e+03
1.037735565149749987e-11 -3.257800928473692529e-05 1.477198641263078038e-01 2.875160187376460271e+03
2.328905243323324145e-11 -3.267416909825902860e-05 1.476437270168846905e-01 2.907567959271105792e+03
9.092348128490130524e-12 -3.257861521389527498e-05 1.472220106185132826e-01 2.939146096506485264e+03
8.238021785978181031e-12 -3.257178847650392671e-05 1.469763475336596792e-01 2.970575890501688718e+03
5.801108158613465897e-12 -3.256121617098143342e-05 1.467562288117751079e-01 3.002983817393726895e+03
6.661264173228782367e-12 -3.256382143644328631e-05 1.465454045871876221e-01 3.034336817767941739e+03
1.322009104810818126e-11 -3.260432865596167291e-05 1.464416556032304972e-01 3.066608715996266255e+03
3.491918910830638560e-12 -3.255163491904313633e-05 1.462064004596329292e-01 3.098938062965181416e+03
9.613636403240410742e-12 -3.259494999745238107e-05 1.461466921546554221e-01 3.131144201952554340e+03
1.060647687812354594e-11 -3.260342130394005086e-05 1.460631790923593853e-01 3.164302663178979401e+03
7.356622271604147633e-12 -3.259494636169883795e-05 1.459642625735220467e-01 3.197416160923412463e+03
9.773295963077507433e-12 -3.261192443139061142e-05 1.459208868733447295e-01 3.231476069338207253e+03
7.387154698168456091e-12 -3.260719308296755749e-05 1.458882575763529865e-01 3.265377594414992018e+03
4.887046497573006706e-12 -3.259030417515211856e-05 1.458067462320752350e-01 3.301363312217062685e+03
