1.698859169733549189e-10 -3.426258224008756916e-05 1.803625027519589752e-01 8.731123968492203176e+02
-4.309218276419841772e-10 -2.937904653619110047e-05 1.669485531085792562e-01 9.409146175460097083e+02
-1.503588038593422724e-10 -3.159843703735279105e-05 1.715518208858939631e-01 9.936157338097126512e+02
1.085623324018512045e-10 -3.355129400674342110e-05 1.751767795335933964e-01 1.046318172651299619e+03
-8.074927588058637261e-11 -3.210279946625582248e-05 1.708902797579670285e-01 1.104470399507270713e+03
1.079201105007349723e-10 -3.350875628494884241e-05 1.732067276393624566e-01 1.157102576626126620e+03
1.090007268785783110e-10 -3.349435714823436201e-05 1.722534893443150028e-01 1.211128953157192882e+03
9.500680735507217826e-11 -3.339002183640532779e-05 1.711967755356335885e-01 1.264751545250297113e+03
9.863565155714796510e-11 -3.339583036892507657e-05 1.703363756806267615e-01 1.317600172838960589e+03
9.744187854965177188e-11 -3.337435934228645242e-05 1.694538006382519946e-01 1.369299902865929653e+03
9.751979925740871596e-11 -3.335165858528502781e-05 1.685624496985594079e-01 1.421002617616349426e+03
9.676348172872030596e-11 -3.334193417233625252e-05 1.677612865334804360e-01 1.470638693166616349e+03
8.805338392664452231e-11 -3.326984126992771964e-05 1.668354937094431722e-01 1.521220483597448720e+03
8.503566078569294239e-11 -3.323732845659308074e-05 1.660003923499458467e-01 1.569868045491989733e+03
8.444757840502345595e-11 -3.322040236213893831e-05 1.652090202491454940e-01 1.618517583352156180e+03
8.030703141647397778e-11 -3.318167805255123283e-05 1.644017797165620298e-01 1.665990096269224296e+03
7.761488993958675681e-11 -3.314563064208688007e-05 1.635898824473009383e-01 1.712530467419620663e+03
6.954705262874643236e-11 -3.308535068159931158e-05 1.627913634481517324e-01 1.758994136925547082e+03
6.668470817128879992e-11 -3.305122945710904707e-05 1.620260329527621890e-01 1.804393477946551002e+03
5.246636587439053345e-11 -3.293598547109235261e-05 1.611018489596765524e-01 1.849888074597673949e+03
5.296983846988259254e-11 -3.292978151481587047e-05 1.604412238097492616e-01 1.894207322507221306e+03
4.720545047460048715e-11 -3.288102322456320863e-05 1.597005645387265527e-01 1.937587110596749426e+03
4.450461735995584198e-11 -3.285407598180465700e-05 1.590234994854717310e-01 1.980852577597619984e+03
3.719257377498401849e-11 -3.279142879198748364e-05 1.582778510011544904e-01 2.023207835939353345e+03
2.993989762562336170e-11 -3.272907140257028948e-05 1.575357772264872891e-01 2.065543394441875080e+03
2.933998564138265410e-11 -3.271113430826834304e-05 1.569079844285133085e-01 2.106765098081565156e+03
2.497036848745294793e-11 -3.266780872017297291e-05 1.562302363882400458e-01 2.147030310587676013e+03
2.781042130354400010e-11 -3.267232867021558403e-05 1.556667289333309168e-01 2.187175874687251962e+03
1.839063456635685701e-11 -3.259891548329896629e-05 1.549695226493787437e-01 2.226360616682778527e+03
1.837072367244073429e-11 -3.258751893615615666e-05 1.544025205096992148e-01 2.265475945761075764e+03
1.831225315113113339e-11 -3.257788428976273571e-05 1.538564037623402769e-01 2.304543118377685460e+03
2.096036941495821512e-11 -3.258878242399503998e-05 1.533658538355554823e-01 2.341568014437322290e+03
2.078856570581589970e-11 -3.258036575997060638e-05 1.528533587687573858e-01 2.379609985277079431e+03
2.019454591768390725e-11 -3.256915845740350891e-05 1.523510185160706076e-01 2.416577959492746231e+03
2.205561194929860686e-11 -3.257779586815749971e-05 1.519036337947948512e-01 2.452526124911400530e+03
2.295148472355483364e-11 -3.257720271259434701e-05 1.514466394482280320e-01 2.488441268983349801e+03
2.240525493532505591e-11 -3.257116928581067430e-05 1.510025202760375274e-01 2.524319904654587390e+03
1.771106580005901172e-11 -3.254305270093388444e-05 1.505374273286718134e-01 2.559218799311798648e+03
2.496861591764965082e-11 -3.257930194455118403e-05 1.501811075355567182e-01 2.594040346212012082e+03
2.113466705640159919e-11 -3.255493823928357490e-05 1.497513341889628868e-01 2.627814204158882148e+03
2.409416987595764739e-11 -3.257086379397157347e-05 1.493970602598756192e-01 2.661581312775943843e+03
2.219459735621273633e-11 -3.255692311668061421e-05 1.490106505328486486e-01 2.695343476542403096e+03
2.182841236895950958e-11 -3.255586496045572006e-05 1.486650607318601991e-01 2.728049205593550141e+03
2.361359440196825392e-11 -3.256436494184474433e-05 1.483421209347916825e-01 2.761731140893513384e+03
2.250698341710115968e-11 -3.255655022749119875e-05 1.480103433596965945e-01 2.794412260411234456e+03
2.040033453737152686e-11 -3.254409212227242851e-05 1.476895579935181002e-01 2.826008925532807098e+03
2.004877545004216715e-11 -3.254204092462022728e-05 1.474003553530355559e-01 2.858611029604570831e+03
1.754471548808966851e-11 -3.252422020272430935e-05 1.470990858419226888e-01 2.891099976402782886e+03
1.978770075111181416e-11 -3.254131869729487843e-05 1.468807525027406025e-01 2.922664123568212290e+03
2.012376604982915341e-11 -3.254836382151537539e-05 1.466724182305895186e-01 2.954117002007484643e+03
1.947164039330675685e-11 -3.254780224463959415e-05 1.464620696614652717e-01 2.986556553580678155e+03
2.157742035431974411e-11 -3.256136571353739762e-05 1.462866144510511224e-01 3.017927005314559210e+03
1.973866797490539645e-11 -3.255322116245256694e-05 1.461033528478188070e-01 3.050280681209297200e+03
1.643988458215667845e-11 -3.254078589305848569e-05 1.459442808427967031e-01 3.082609634818601990e+03
1.829020672351594872e-11 -3.255687528868556399e-05 1.458430939658416914e-01 3.114879726608647616e+03
2.361137371266036551e-11 -3.259615520242775043e-05 1.458078742130490546e-01 3.148074008296995999e+03
1.780539265916167701e-11 -3.256881148386566940e-05 1.456923965407104782e-01 3.181215801451658081e+03
1.528916362804742781e-11 -3.256590099377840961e-05 1.456532644631866602e-01 3.215347417677019621e+03
1.069388716013845122e-11 -3.255852208156664727e-05 1.456465790127000615e-01 3.249322308793293814e+03
8.912850898089858261e-12 -3.256855470941079415e-05 1.456684259834871431e-01 3.285363137250714772e+03
