-2.022682610174655705e-10 -3.111611357033493123e-05 1.729432635977964372e-01 8.260105098113881468e+02
-1.344295807656872929e-10 -3.166169316402932238e-05 1.733358740579530877e-01 8.830317135205896193e+02
3.193775220271602597e-10 -3.510386057749880151e-05 1.803575372651266828e-01 9.364227670389333298e+02
1.161563792175683790e-10 -3.356773413988202974e-05 1.759012423319625817e-01 9.957385758537192260e+02
-1.052849168960296125e-10 -3.188189426852665673e-05 1.711124555429744676e-01 1.054268141915031947e+03
-1.649209984680805240e-10 -3.140449085007427656e-05 1.690385861416005830e-01 1.110980047081965722e+03
1.089220975408214241e-10 -3.346991510158614253e-05 1.729197043203649087e-01 1.162530196664749838e+03
1.097862470063232284e-10 -3.345226099339590589e-05 1.719644978442442518e-01 1.216449782911893635e+03
1.052398136246770843e-10 -3.340867708349703298e-05 1.710125329366770641e-01 1.270178252112115842e+03
9.819150007445646462e-11 -3.334637655131765592e-05 1.700286133508585318e-01 1.323039894109536817e+03
9.759460180748820396e-11 -3.332729905240140782e-05 1.691524636627149969e-01 1.374702934976217648e+03
9.742072911674422508e-11 -3.330798139145223956e-05 1.682761925843906659e-01 1.425553962227120564e+03
9.542816694646027802e-11 -3.328151670098031674e-05 1.674208291483914313e-01 1.476148823986840171e+03
9.229167213414816550e-11 -3.324489962357969408e-05 1.665469097154134714e-01 1.525765024317351845e+03
9.319287731016914548e-11 -3.323560974541332920e-05 1.657503855908539492e-01 1.575340133146436528e+03
9.142261212592716037e-11 -3.321059037735209663e-05 1.649372480761338300e-01 1.622961443020058368e+03
8.890854789991850822e-11 -3.317939289669268065e-05 1.641291090751217374e-01 1.670490089691876392e+03
8.916934503083815015e-11 -3.316880471794514396e-05 1.633846284837714713e-01 1.717912373262071469e+03
8.681427108653343060e-11 -3.313984576956985350e-05 1.626118277543869839e-01 1.764415276658201037e+03
8.505768062725910404e-11 -3.311747427948751119e-05 1.618752267264708666e-01 1.809878802297595030e+03
8.105087449341704276e-11 -3.307720820376393740e-05 1.611088529910885969e-01 1.855265927389270928e+03
7.971075179346845550e-11 -3.305737766173238431e-05 1.604057725131354251e-01 1.899648406180468101e+03
7.356924909936254794e-11 -3.300627055155499784e-05 1.596569523384276379e-01 1.943021147034721935e+03
7.045849317416153130e-11 -3.297510930819471330e-05 1.589612798794677873e-01 1.986333743269479783e+03
6.611181004214194697e-11 -3.293615155735609286e-05 1.582667501004762778e-01 2.028651865969796745e+03
5.852759205608886497e-11 -3.287556765514703565e-05 1.575415796547388059e-01 2.069920998458415852e+03
5.322985582374090504e-11 -3.283104498618998263e-05 1.568651626934452481e-01 2.112180222311355010e+03
4.699645770145486181e-11 -3.278325538052621619e-05 1.562036309504564735e-01 2.152378377612967597e+03
4.101841971444573989e-11 -3.273491636467877434e-05 1.555494455970466428e-01 2.192574162449059713e+03
3.343454251821055209e-11 -3.267482753171067011e-05 1.548840730906766716e-01 2.231681708614097715e+03
2.802535961086335876e-11 -3.263237144680960540e-05 1.542733740882241689e-01 2.270840963261268371e+03
2.610201708705737014e-11 -3.261568505945102581e-05 1.537331958806789356e-01 2.309877678960305275e+03
2.434107771711063992e-11 -3.259923428861902038e-05 1.532031370727786612e-01 2.347913296958820865e+03
2.482025341669841027e-11 -3.259850494652682024e-05 1.527200257810550910e-01 2.384907928271543824e+03
2.461701146135676003e-11 -3.259508244118107447e-05 1.522502338533398558e-01 2.421859017660494374e+03
2.445168449028954266e-11 -3.259061576864624184e-05 1.517871774379154493e-01 2.457771086508361350e+03
2.496522439530555761e-11 -3.259242685074030982e-05 1.513541646710574173e-01 2.493668166882401238e+03
2.589608042846529617e-11 -3.259628317853846362e-05 1.509362435975386552e-01 2.529538183371017112e+03
2.466683356172113297e-11 -3.258592074532767912e-05 1.505040961264330623e-01 2.564385680577026051e+03
2.493126868920481833e-11 -3.258805764315998032e-05 1.501162978700780193e-01 2.599189503046073241e+03
2.519161309979412866e-11 -3.258787274090506905e-05 1.497324586269740410e-01 2.632966578697841669e+03
2.420593343588493793e-11 -3.258068328025640699e-05 1.493512237879385529e-01 2.667722568399475222e+03
2.411706470700036017e-11 -3.258027491054410712e-05 1.489996098286881510e-01 2.700436384898285269e+03
2.360282358503576256e-11 -3.257689655384035182e-05 1.486561349356768091e-01 2.734140724760944067e+03
2.344312251903561482e-11 -3.257403211836879984e-05 1.483220563980474360e-01 2.766812353662567602e+03
2.325207458743411769e-11 -3.257389269159086966e-05 1.480165037065678535e-01 2.799433906793914502e+03
2.400921453048902618e-11 -3.257995822652566152e-05 1.477364905481073076e-01 2.832032701280816582e+03
2.381083724745303332e-11 -3.257957568866431573e-05 1.474593560169928652e-01 2.863605762431046514e+03
2.259511156904097263e-11 -3.257240801703991962e-05 1.471855179449232387e-01 2.896140111562816855e+03
2.444586617500082651e-11 -3.258889397375348395e-05 1.469780211969914374e-01 2.927617869406359205e+03
2.429178905165556129e-11 -3.259022015392817347e-05 1.467572071690485813e-01 2.960078576172483281e+03
2.347534281405178156e-11 -3.258927063967677568e-05 1.465552861756280467e-01 2.991487241857403660e+03
2.471835364408925257e-11 -3.260057011396475142e-05 1.463858384052079686e-01 3.023877919241136624e+03
2.544527936570620217e-11 -3.260825088421023371e-05 1.462336311898734531e-01 3.055212308384294374e+03
2.422167037747002951e-11 -3.260711796215481608e-05 1.460952711503762380e-01 3.087483706952816192e+03
2.413332302346496577e-11 -3.261471582518709917e-05 1.459876052739924324e-01 3.119757986954497483e+03
2.442139369831964854e-11 -3.262322405603908514e-05 1.459063854178147268e-01 3.152947053260977100e+03
-2.161631684768592056e-11 -3.230349668998497070e-05 1.451629178346398319e-01 3.186510055007216124e+03
2.412853719376318147e-11 -3.264240212301289734e-05 1.458362716536291959e-01 3.220180170401955820e+03
2.453115658914640194e-11 -3.265643009093236485e-05 1.458515448152777338e-01 3.255216708908028522e+03
