-2.108965079079024510e-10 -3.111258458446000501e-05 1.730927760380384095e-01 8.408812531268260955e+02
-1.888882108350254842e-10 -3.131664642993932471e-05 1.726861635616882273e-01 8.994623067964487291e+02
-2.334828077612295309e-10 -3.098166202798131793e-05 1.709694832417716082e-01 9.578213499087374885e+02
1.163845824587221190e-10 -3.357925190227215836e-05 1.759478656969264698e-01 1.010762184193700818e+03
-1.699499415229173236e-10 -3.142082268609430469e-05 1.700914411774090140e-01 1.071016703362748331e+03
9.754705963522183913e-11 -3.344458248357346674e-05 1.738782369735207556e-01 1.122656005210837066e+03
1.045184435404288930e-10 -3.346600949665857403e-05 1.729696920130135429e-01 1.177508325015250421e+03
1.013248663539717127e-10 -3.342431668483805891e-05 1.719933408355100446e-01 1.232392171987919028e+03
9.939210737007161061e-11 -3.339673486791413013e-05 1.710587911463887500e-01 1.285120806294504291e+03
9.709953316137616624e-11 -3.336506633831790562e-05 1.701332244286555273e-01 1.337935483909979212e+03
9.758440801651698642e-11 -3.335363942076976802e-05 1.692602896918413979e-01 1.389611582850301602e+03
9.425845665482242935e-11 -3.331733299472015625e-05 1.683640148057025943e-01 1.441446218932378315e+03
9.427165176455313124e-11 -3.330323728144201560e-05 1.675267475350599167e-01 1.491028541629952542e+03
9.043823137608134239e-11 -3.326583394113890349e-05 1.666631759874695473e-01 1.541609409707705026e+03
8.983843190310725187e-11 -3.324589797854935223e-05 1.658440605839383297e-01 1.590185288943546084e+03
8.665013496315808610e-11 -3.321266333615231650e-05 1.650203726476790755e-01 1.638793715277896581e+03
8.392886946515248156e-11 -3.317876756243876533e-05 1.642025323943544224e-01 1.686314832236468192e+03
8.429660616025029574e-11 -3.317042701932697838e-05 1.634613486800045590e-01 1.732728968353307437e+03
8.269956981039137876e-11 -3.314468394722367849e-05 1.626883454021799402e-01 1.779216053643167925e+03
8.083195367466530004e-11 -3.311900693737254383e-05 1.619387767451625493e-01 1.824675916845568509e+03
7.800608826825065401e-11 -3.308929355562613157e-05 1.612005898774876433e-01 1.870030536389164126e+03
7.539056680001968603e-11 -3.306181052022887594e-05 1.604832374597742473e-01 1.914404467599303871e+03
6.989323994581057085e-11 -3.301299885077107143e-05 1.597338443393932494e-01 1.957767740565560871e+03
6.808009472554274808e-11 -3.299293018235150522e-05 1.590655504353915839e-01 2.001049133643932009e+03
6.308036342768834585e-11 -3.295008057088958818e-05 1.583635640685469859e-01 2.043356899698177131e+03
5.915181436067693013e-11 -3.291393310084915252e-05 1.576852543560978703e-01 2.085587621940166173e+03
5.113840786638402533e-11 -3.285117039657372380e-05 1.569721688306031648e-01 2.126853949967216067e+03
4.648769075223454989e-11 -3.281187287921950819e-05 1.563217709406926059e-01 2.167033037073283595e+03
3.969109996034782665e-11 -3.275841688568108034e-05 1.556574062886782184e-01 2.207222297199045443e+03
3.396348932713572412e-11 -3.271115779021353180e-05 1.550171986637619015e-01 2.247300656217743381e+03
2.895845334983802121e-11 -3.267292567257152800e-05 1.544180439107463165e-01 2.286435948225472657e+03
2.705691606332265488e-11 -3.265451170295534725e-05 1.538675889146698672e-01 2.324469386068133190e+03
2.580514904933400855e-11 -3.264261726765072701e-05 1.533486883265324785e-01 2.362483147469037704e+03
2.535544470978022565e-11 -3.263536429462996592e-05 1.528518097462784886e-01 2.399468869450051898e+03
2.623370383521817601e-11 -3.263832013343943286e-05 1.523906243343259304e-01 2.436403475656836690e+03
2.598258242185502450e-11 -3.263267790273833386e-05 1.519226874826896667e-01 2.473302666251265236e+03
2.648256951439963001e-11 -3.263463027360208042e-05 1.514897728570493429e-01 2.509182255561550846e+03
2.596043764022204566e-11 -3.262839292810928651e-05 1.510497561291463675e-01 2.544049002172610017e+03
2.527965587420223740e-11 -3.262154547620660779e-05 1.506233088710642876e-01 2.579877307825932348e+03
2.502139645570087826e-11 -3.261803819330992939e-05 1.502199451810347641e-01 2.613673489982643332e+03
2.476711024028383920e-11 -3.261510620958153349e-05 1.498310165269144678e-01 2.648435142550722958e+03
2.413053919821922820e-11 -3.261022021592330412e-05 1.494524956432432272e-01 2.682174676651371101e+03
2.383832789742554197e-11 -3.260698314769206114e-05 1.490916867763678322e-01 2.715876446064411994e+03
2.366134973310355746e-11 -3.260494906559916882e-05 1.487475288516887373e-01 2.748566266185659970e+03
2.332485518837608775e-11 -3.260076882888878369e-05 1.484113134446730653e-01 2.781219422084177950e+03
2.192859043773183011e-11 -3.259280927965713175e-05 1.480895376695086918e-01 2.813833607215772190e+03
2.268955902850314013e-11 -3.259834935054619455e-05 1.478067200946836246e-01 2.846418557370380313e+03
2.218654231154734826e-11 -3.259405564426295357e-05 1.475156983629080654e-01 2.878985712224644885e+03
2.204945241827348732e-11 -3.259546536879944710e-05 1.472610511878041095e-01 2.910492784434306486e+03
2.188262128044667883e-11 -3.259879646945329235e-05 1.470298776572691035e-01 2.942962696220430644e+03
2.203787102500180003e-11 -3.260096378667006638e-05 1.468065549171093942e-01 2.974409391983575915e+03
2.121177387299665339e-11 -3.259880052580237358e-05 1.465989550879515380e-01 3.006807289129394576e+03
2.197738156808257884e-11 -3.260729422964725308e-05 1.464245616735381228e-01 3.038182403832625369e+03
2.228731219341384330e-11 -3.261178764792819291e-05 1.462638310409291875e-01 3.070504185693555883e+03
2.125328782299357786e-11 -3.261334175960612356e-05 1.461332176709543296e-01 3.102754281778937639e+03
2.149155320797932010e-11 -3.262081882336902226e-05 1.460202773434227663e-01 3.135015440838112227e+03
2.185672346909557083e-11 -3.263040372349832835e-05 1.459408984845289858e-01 3.167184326243658688e+03
2.323813369146173890e-11 -3.265224863381320947e-05 1.459232341300497893e-01 3.201301206549791004e+03
2.014192730128594156e-11 -3.263901646487775735e-05 1.458451572822216380e-01 3.234387442305400327e+03
1.974262305977388038e-11 -3.264792550424680908e-05 1.458532139935351801e-01 3.269401400500918953e+03
